# JRE version: OpenJDK Runtime Environment (17.0.8.1+1) (build 17.0.8.1+1-LTS)
# Java VM: OpenJDK 64-Bit Server VM (17.0.8.1+1-LTS, mixed mode, sharing, tiered, compressed oops, compressed class ptrs, g1 gc, windows-amd64)
GC Precious Log:
 CPUs: 8 total, 8 available
 Memory: 16217M
 Large Page Support: Disabled
 NUMA Support: Disabled
 Compressed Oops: Enabled (Zero based)
 Heap Region Size: 2M
 Heap Min Capacity: 8M
 Heap Initial Capacity: 254M
 Heap Max Capacity: 4056M
 Pre-touch: Disabled
 Parallel Workers: 8
 Concurrent Workers: 2
 Concurrent Refinement Workers: 8
 Periodic GC: Disabled
Heap:
 garbage-first heap   total 655360K, used 282217K [0x0000000702800000, 0x0000000800000000)
  region size 2048K, 11 young (22528K), 11 survivors (22528K)
 Metaspace       used 18396K, committed 18624K, reserved 1114112K
  class space    used 2491K, committed 2624K, reserved 1048576K
GC Heap History (20 events):
Event: 9.108 GC heap after
{Heap after GC invocations=22 (full 0):
 garbage-first heap   total 544768K, used 228994K [0x0000000702800000, 0x0000000800000000)
  region size 2048K, 15 young (30720K), 15 survivors (30720K)
 Metaspace       used 18120K, committed 18368K, reserved 1114112K
  class space    used 2480K, committed 2624K, reserved 1048576K
}
Event: 9.374 GC heap before
{Heap before GC invocations=22 (full 0):
 garbage-first heap   total 544768K, used 431746K [0x0000000702800000, 0x0000000800000000)
  region size 2048K, 115 young (235520K), 15 survivors (30720K)
 Metaspace       used 18204K, committed 18496K, reserved 1114112K
  class space    used 2491K, committed 2624K, reserved 1048576K
}
Event: 9.384 GC heap after
{Heap after GC invocations=23 (full 0):
 garbage-first heap   total 544768K, used 249779K [0x0000000702800000, 0x0000000800000000)
  region size 2048K, 10 young (20480K), 10 survivors (20480K)
 Metaspace       used 18204K, committed 18496K, reserved 1114112K
  class space    used 2491K, committed 2624K, reserved 1048576K
}
Event: 9.616 GC heap before
{Heap before GC invocations=23 (full 0):
 garbage-first heap   total 544768K, used 430003K [0x0000000702800000, 0x0000000800000000)
  region size 2048K, 99 young (202752K), 10 survivors (20480K)
 Metaspace       used 18215K, committed 18496K, reserved 1114112K
  class space    used 2491K, committed 2624K, reserved 1048576K
}
Event: 9.622 GC heap after
{Heap after GC invocations=24 (full 0):
 garbage-first heap   total 544768K, used 262223K [0x0000000702800000, 0x0000000800000000)
  region size 2048K, 8 young (16384K), 8 survivors (16384K)
 Metaspace       used 18215K, committed 18496K, reserved 1114112K
  class space    used 2491K, committed 2624K, reserved 1048576K
}
Event: 9.841 GC heap before
{Heap before GC invocations=24 (full 0):
 garbage-first heap   total 544768K, used 432207K [0x0000000702800000, 0x0000000800000000)
  region size 2048K, 92 young (188416K), 8 survivors (16384K)
 Metaspace       used 18226K, committed 18496K, reserved 1114112K
  class space    used 2491K, committed 2624K, reserved 1048576K
}
Event: 9.847 GC heap after
{Heap after GC invocations=25 (full 0):
 garbage-first heap   total 544768K, used 276878K [0x0000000702800000, 0x0000000800000000)
  region size 2048K, 8 young (16384K), 8 survivors (16384K)
 Metaspace       used 18226K, committed 18496K, reserved 1114112K
  class space    used 2491K, committed 2624K, reserved 1048576K
}
Event: 10.074 GC heap before
{Heap before GC invocations=26 (full 0):
 garbage-first heap   total 544768K, used 428430K [0x0000000702800000, 0x0000000800000000)
  region size 2048K, 86 young (176128K), 8 survivors (16384K)
 Metaspace       used 18238K, committed 18496K, reserved 1114112K
  class space    used 2491K, committed 2624K, reserved 1048576K
}
Event: 10.081 GC heap after
{Heap after GC invocations=27 (full 0):
 garbage-first heap   total 544768K, used 284622K [0x0000000702800000, 0x0000000800000000)
  region size 2048K, 7 young (14336K), 7 survivors (14336K)
 Metaspace       used 18238K, committed 18496K, reserved 1114112K
  class space    used 2491K, committed 2624K, reserved 1048576K
}
Event: 10.096 GC heap before
{Heap before GC invocations=27 (full 0):
 garbage-first heap   total 544768K, used 296910K [0x0000000702800000, 0x0000000800000000)
  region size 2048K, 13 young (26624K), 7 survivors (14336K)
 Metaspace       used 18238K, committed 18496K, reserved 1114112K
  class space    used 2491K, committed 2624K, reserved 1048576K
}
Event: 10.100 GC heap after
{Heap after GC invocations=28 (full 0):
 garbage-first heap   total 655360K, used 229395K [0x0000000702800000, 0x0000000800000000)
  region size 2048K, 1 young (2048K), 1 survivors (2048K)
 Metaspace       used 18238K, committed 18496K, reserved 1114112K
  class space    used 2491K, committed 2624K, reserved 1048576K
}
Event: 10.156 GC heap before
{Heap before GC invocations=28 (full 0):
 garbage-first heap   total 655360K, used 258067K [0x0000000702800000, 0x0000000800000000)
  region size 2048K, 16 young (32768K), 1 survivors (2048K)
 Metaspace       used 18238K, committed 18496K, reserved 1114112K
  class space    used 2491K, committed 2624K, reserved 1048576K
}
Event: 10.158 GC heap after
{Heap after GC invocations=29 (full 0):
 garbage-first heap   total 655360K, used 186618K [0x0000000702800000, 0x0000000800000000)
  region size 2048K, 2 young (4096K), 2 survivors (4096K)
 Metaspace       used 18238K, committed 18496K, reserved 1114112K
  class space    used 2491K, committed 2624K, reserved 1048576K
}
Event: 10.621 GC heap before
{Heap before GC invocations=29 (full 0):
 garbage-first heap   total 655360K, used 520442K [0x0000000702800000, 0x0000000800000000)
  region size 2048K, 166 young (339968K), 2 survivors (4096K)
 Metaspace       used 18246K, committed 18496K, reserved 1114112K
  class space    used 2491K, committed 2624K, reserved 1048576K
}
Event: 10.628 GC heap after
{Heap after GC invocations=30 (full 0):
 garbage-first heap   total 655360K, used 214844K [0x0000000702800000, 0x0000000800000000)
  region size 2048K, 16 young (32768K), 16 survivors (32768K)
 Metaspace       used 18246K, committed 18496K, reserved 1114112K
  class space    used 2491K, committed 2624K, reserved 1048576K
}
Event: 11.004 GC heap before
{Heap before GC invocations=30 (full 0):
 garbage-first heap   total 655360K, used 505660K [0x0000000702800000, 0x0000000800000000)
  region size 2048K, 159 young (325632K), 16 survivors (32768K)
 Metaspace       used 18246K, committed 18496K, reserved 1114112K
  class space    used 2491K, committed 2624K, reserved 1048576K
}
Event: 11.015 GC heap after
{Heap after GC invocations=31 (full 0):
 garbage-first heap   total 655360K, used 238535K [0x0000000702800000, 0x0000000800000000)
  region size 2048K, 12 young (24576K), 12 survivors (24576K)
 Metaspace       used 18246K, committed 18496K, reserved 1114112K
  class space    used 2491K, committed 2624K, reserved 1048576K
}
Event: 11.367 GC heap before
{Heap before GC invocations=31 (full 0):
 garbage-first heap   total 655360K, used 512967K [0x0000000702800000, 0x0000000800000000)
  region size 2048K, 147 young (301056K), 12 survivors (24576K)
 Metaspace       used 18394K, committed 18624K, reserved 1114112K
  class space    used 2491K, committed 2624K, reserved 1048576K
}
Event: 11.376 GC heap after
{Heap after GC invocations=32 (full 0):
 garbage-first heap   total 655360K, used 263226K [0x0000000702800000, 0x0000000800000000)
  region size 2048K, 12 young (24576K), 12 survivors (24576K)
 Metaspace       used 18394K, committed 18624K, reserved 1114112K
  class space    used 2491K, committed 2624K, reserved 1048576K
}
Event: 11.697 GC heap before
{Heap before GC invocations=32 (full 0):
 garbage-first heap   total 655360K, used 515130K [0x0000000702800000, 0x0000000800000000)
  region size 2048K, 136 young (278528K), 12 survivors (24576K)
 Metaspace       used 18396K, committed 18624K, reserved 1114112K
  class space    used 2491K, committed 2624K, reserved 1048576K
}

